gyp info it worked if it ends with ok
gyp info using node-gyp@11.0.0
gyp info using node@22.16.0 | darwin | arm64
gyp info find Python using Python version 3.11.9 found at "/Users/abhay/.pyenv/versions/3.11.9/bin/python3"
gyp info spawn /Users/abhay/.pyenv/versions/3.11.9/bin/python3
gyp info spawn args [
gyp info spawn args '/opt/homebrew/Cellar/node@22/22.16.0/lib/node_modules/npm/node_modules/node-gyp/gyp/gyp_main.py',
gyp info spawn args 'binding.gyp',
gyp info spawn args '-f',
gyp info spawn args 'make',
gyp info spawn args '-I',
gyp info spawn args '/Users/abhay/Workspace/ChickenRoad/Server/node_modules/engine.io-client/node_modules/ws/build/config.gypi',
gyp info spawn args '-I',
gyp info spawn args '/opt/homebrew/Cellar/node@22/22.16.0/lib/node_modules/npm/node_modules/node-gyp/addon.gypi',
gyp info spawn args '-I',
gyp info spawn args '/Users/abhay/Library/Caches/node-gyp/22.16.0/include/node/common.gypi',
gyp info spawn args '-Dlibrary=shared_library',
gyp info spawn args '-Dvisibility=default',
gyp info spawn args '-Dnode_root_dir=/Users/abhay/Library/Caches/node-gyp/22.16.0',
gyp info spawn args '-Dnode_gyp_dir=/opt/homebrew/Cellar/node@22/22.16.0/lib/node_modules/npm/node_modules/node-gyp',
gyp info spawn args '-Dnode_lib_file=/Users/abhay/Library/Caches/node-gyp/22.16.0/<(target_arch)/node.lib',
gyp info spawn args '-Dmodule_root_dir=/Users/abhay/Workspace/ChickenRoad/Server/node_modules/engine.io-client/node_modules/ws',
gyp info spawn args '-Dnode_engine=v8',
gyp info spawn args '--depth=.',
gyp info spawn args '--no-parallel',
gyp info spawn args '--generator-output',
gyp info spawn args 'build',
gyp info spawn args '-Goutput_dir=.'
gyp info spawn args ]
gyp info spawn make
gyp info spawn args [ 'BUILDTYPE=Release', '-C', 'build' ]
In file included from ../src/bufferutil.cc:15:
/Users/abhay/Workspace/ChickenRoad/Server/node_modules/nan/nan.h:111:23: error: no matching member function for call to 'Has'
  111 |       || !optionsObj->Has(opt)
      |           ~~~~~~~~~~~~^~~
/Users/abhay/Library/Caches/node-gyp/22.16.0/include/node/v8-object.h:331:37: note: candidate function not viable: requires 2 arguments, but 1 was provided
  331 |   V8_WARN_UNUSED_RESULT Maybe<bool> Has(Local<Context> context,
      |                                     ^   ~~~~~~~~~~~~~~~~~~~~~~~
  332 |                                         Local<Value> key);
      |                                         ~~~~~~~~~~~~~~~~
/Users/abhay/Library/Caches/node-gyp/22.16.0/include/node/v8-object.h:337:37: note: candidate function not viable: requires 2 arguments, but 1 was provided
  337 |   V8_WARN_UNUSED_RESULT Maybe<bool> Has(Local<Context> context, uint32_t index);
      |                                     ^   ~~~~~~~~~~~~~~~~~~~~~~~~~~~~~~~~~~~~~~
In file included from ../src/bufferutil.cc:15:
/Users/abhay/Workspace/ChickenRoad/Server/node_modules/nan/nan.h:112:22: error: no matching member function for call to 'Get'
  112 |       || optionsObj->Get(opt)->BooleanValue();
      |          ~~~~~~~~~~~~^~~
/Users/abhay/Library/Caches/node-gyp/22.16.0/include/node/v8-object.h:295:43: note: candidate function not viable: requires 2 arguments, but 1 was provided
  295 |   V8_WARN_UNUSED_RESULT MaybeLocal<Value> Get(Local<Context> context,
      |                                           ^   ~~~~~~~~~~~~~~~~~~~~~~~
  296 |                                               Local<Value> key);
      |                                               ~~~~~~~~~~~~~~~~
/Users/abhay/Library/Caches/node-gyp/22.16.0/include/node/v8-object.h:298:43: note: candidate function not viable: requires 2 arguments, but 1 was provided
  298 |   V8_WARN_UNUSED_RESULT MaybeLocal<Value> Get(Local<Context> context,
      |                                           ^   ~~~~~~~~~~~~~~~~~~~~~~~
  299 |                                               uint32_t index);
      |                                               ~~~~~~~~~~~~~~
In file included from ../src/bufferutil.cc:15:
/Users/abhay/Workspace/ChickenRoad/Server/node_modules/nan/nan.h:115:22: error: no matching member function for call to 'Has'
  115 |       && optionsObj->Has(opt)
      |          ~~~~~~~~~~~~^~~
/Users/abhay/Library/Caches/node-gyp/22.16.0/include/node/v8-object.h:331:37: note: candidate function not viable: requires 2 arguments, but 1 was provided
  331 |   V8_WARN_UNUSED_RESULT Maybe<bool> Has(Local<Context> context,
      |                                     ^   ~~~~~~~~~~~~~~~~~~~~~~~
  332 |                                         Local<Value> key);
      |                                         ~~~~~~~~~~~~~~~~
/Users/abhay/Library/Caches/node-gyp/22.16.0/include/node/v8-object.h:337:37: note: candidate function not viable: requires 2 arguments, but 1 was provided
  337 |   V8_WARN_UNUSED_RESULT Maybe<bool> Has(Local<Context> context, uint32_t index);
      |                                     ^   ~~~~~~~~~~~~~~~~~~~~~~~~~~~~~~~~~~~~~~
In file included from ../src/bufferutil.cc:15:
/Users/abhay/Workspace/ChickenRoad/Server/node_modules/nan/nan.h:116:22: error: no matching member function for call to 'Get'
  116 |       && optionsObj->Get(opt)->BooleanValue();
      |          ~~~~~~~~~~~~^~~
/Users/abhay/Library/Caches/node-gyp/22.16.0/include/node/v8-object.h:295:43: note: candidate function not viable: requires 2 arguments, but 1 was provided
  295 |   V8_WARN_UNUSED_RESULT MaybeLocal<Value> Get(Local<Context> context,
      |                                           ^   ~~~~~~~~~~~~~~~~~~~~~~~
  296 |                                               Local<Value> key);
      |                                               ~~~~~~~~~~~~~~~~
/Users/abhay/Library/Caches/node-gyp/22.16.0/include/node/v8-object.h:298:43: note: candidate function not viable: requires 2 arguments, but 1 was provided
  298 |   V8_WARN_UNUSED_RESULT MaybeLocal<Value> Get(Local<Context> context,
      |                                           ^   ~~~~~~~~~~~~~~~~~~~~~~~
  299 |                                               uint32_t index);
      |                                               ~~~~~~~~~~~~~~
In file included from ../src/bufferutil.cc:15:
/Users/abhay/Workspace/ChickenRoad/Server/node_modules/nan/nan.h:132:20: error: no matching member function for call to 'Has'
  132 |     && optionsObj->Has(opt)
      |        ~~~~~~~~~~~~^~~
/Users/abhay/Library/Caches/node-gyp/22.16.0/include/node/v8-object.h:331:37: note: candidate function not viable: requires 2 arguments, but 1 was provided
  331 |   V8_WARN_UNUSED_RESULT Maybe<bool> Has(Local<Context> context,
      |                                     ^   ~~~~~~~~~~~~~~~~~~~~~~~
  332 |                                         Local<Value> key);
      |                                         ~~~~~~~~~~~~~~~~
/Users/abhay/Library/Caches/node-gyp/22.16.0/include/node/v8-object.h:337:37: note: candidate function not viable: requires 2 arguments, but 1 was provided
  337 |   V8_WARN_UNUSED_RESULT Maybe<bool> Has(Local<Context> context, uint32_t index);
      |                                     ^   ~~~~~~~~~~~~~~~~~~~~~~~~~~~~~~~~~~~~~~
In file included from ../src/bufferutil.cc:15:
/Users/abhay/Workspace/ChickenRoad/Server/node_modules/nan/nan.h:133:20: error: no matching member function for call to 'Get'
  133 |     && optionsObj->Get(opt)->IsNumber()
      |        ~~~~~~~~~~~~^~~
/Users/abhay/Library/Caches/node-gyp/22.16.0/include/node/v8-object.h:295:43: note: candidate function not viable: requires 2 arguments, but 1 was provided
  295 |   V8_WARN_UNUSED_RESULT MaybeLocal<Value> Get(Local<Context> context,
      |                                           ^   ~~~~~~~~~~~~~~~~~~~~~~~
  296 |                                               Local<Value> key);
      |                                               ~~~~~~~~~~~~~~~~
/Users/abhay/Library/Caches/node-gyp/22.16.0/include/node/v8-object.h:298:43: note: candidate function not viable: requires 2 arguments, but 1 was provided
  298 |   V8_WARN_UNUSED_RESULT MaybeLocal<Value> Get(Local<Context> context,
      |                                           ^   ~~~~~~~~~~~~~~~~~~~~~~~
  299 |                                               uint32_t index);
      |                                               ~~~~~~~~~~~~~~
In file included from ../src/bufferutil.cc:15:
/Users/abhay/Workspace/ChickenRoad/Server/node_modules/nan/nan.h:134:21: error: no matching member function for call to 'Get'
  134 |       ? optionsObj->Get(opt)->Uint32Value()
      |         ~~~~~~~~~~~~^~~
/Users/abhay/Library/Caches/node-gyp/22.16.0/include/node/v8-object.h:295:43: note: candidate function not viable: requires 2 arguments, but 1 was provided
  295 |   V8_WARN_UNUSED_RESULT MaybeLocal<Value> Get(Local<Context> context,
      |                                           ^   ~~~~~~~~~~~~~~~~~~~~~~~
  296 |                                               Local<Value> key);
      |                                               ~~~~~~~~~~~~~~~~
/Users/abhay/Library/Caches/node-gyp/22.16.0/include/node/v8-object.h:298:43: note: candidate function not viable: requires 2 arguments, but 1 was provided
  298 |   V8_WARN_UNUSED_RESULT MaybeLocal<Value> Get(Local<Context> context,
      |                                           ^   ~~~~~~~~~~~~~~~~~~~~~~~
  299 |                                               uint32_t index);
      |                                               ~~~~~~~~~~~~~~
In file included from ../src/bufferutil.cc:15:
/Users/abhay/Workspace/ChickenRoad/Server/node_modules/nan/nan.h:213:5: error: no member named 'ThrowException' in namespace 'v8'
  213 |     _NAN_THROW_ERROR(v8::Exception::Error, errmsg);
      |     ^~~~~~~~~~~~~~~~~~~~~~~~~~~~~~~~~~~~~~~~~~~~~~
/Users/abhay/Workspace/ChickenRoad/Server/node_modules/nan/nan.h:209:11: note: expanded from macro '_NAN_THROW_ERROR'
  209 |       v8::ThrowException(fun(v8::String::New(errmsg)));                        \
      |       ~~~~^
/Users/abhay/Workspace/ChickenRoad/Server/node_modules/nan/nan.h:213:5: error: no member named 'New' in 'v8::String'
  213 |     _NAN_THROW_ERROR(v8::Exception::Error, errmsg);
      |     ^~~~~~~~~~~~~~~~~~~~~~~~~~~~~~~~~~~~~~~~~~~~~~
/Users/abhay/Workspace/ChickenRoad/Server/node_modules/nan/nan.h:209:42: note: expanded from macro '_NAN_THROW_ERROR'
  209 |       v8::ThrowException(fun(v8::String::New(errmsg)));                        \
      |                              ~~~~~~~~~~~~^
/Users/abhay/Workspace/ChickenRoad/Server/node_modules/nan/nan.h:218:9: error: no type named 'ThrowException' in namespace 'v8'
  218 |     v8::ThrowException(error);
      |     ~~~~^
/Users/abhay/Workspace/ChickenRoad/Server/node_modules/nan/nan.h:222:65: error: no member named 'New' in 'v8::String'
  222 |     v8::Local<v8::Value> err = v8::Exception::Error(v8::String::New(msg));
      |                                                     ~~~~~~~~~~~~^
/Users/abhay/Workspace/ChickenRoad/Server/node_modules/nan/nan.h:224:65: error: too few arguments to function call, expected 2, have 1
  224 |     obj->Set(v8::String::New("code"), v8::Int32::New(errorNumber));
      |                                       ~~~~~~~~~~~~~~            ^
/Users/abhay/Library/Caches/node-gyp/22.16.0/include/node/v8-primitive.h:675:25: note: 'New' declared here
  675 |   static Local<Integer> New(Isolate* isolate, int32_t value);
      |                         ^   ~~~~~~~~~~~~~~~~~~~~~~~~~~~~~~~
In file included from ../src/bufferutil.cc:15:
/Users/abhay/Workspace/ChickenRoad/Server/node_modules/nan/nan.h:224:26: error: no member named 'New' in 'v8::String'
  224 |     obj->Set(v8::String::New("code"), v8::Int32::New(errorNumber));
      |              ~~~~~~~~~~~~^
/Users/abhay/Workspace/ChickenRoad/Server/node_modules/nan/nan.h:229:5: error: no member named 'ThrowException' in namespace 'v8'
  229 |     _NAN_THROW_ERROR(v8::Exception::TypeError, errmsg);
      |     ^~~~~~~~~~~~~~~~~~~~~~~~~~~~~~~~~~~~~~~~~~~~~~~~~~
/Users/abhay/Workspace/ChickenRoad/Server/node_modules/nan/nan.h:209:11: note: expanded from macro '_NAN_THROW_ERROR'
  209 |       v8::ThrowException(fun(v8::String::New(errmsg)));                        \
      |       ~~~~^
/Users/abhay/Workspace/ChickenRoad/Server/node_modules/nan/nan.h:229:5: error: no member named 'New' in 'v8::String'
  229 |     _NAN_THROW_ERROR(v8::Exception::TypeError, errmsg);
      |     ^~~~~~~~~~~~~~~~~~~~~~~~~~~~~~~~~~~~~~~~~~~~~~~~~~
/Users/abhay/Workspace/ChickenRoad/Server/node_modules/nan/nan.h:209:42: note: expanded from macro '_NAN_THROW_ERROR'
  209 |       v8::ThrowException(fun(v8::String::New(errmsg)));                        \
      |                              ~~~~~~~~~~~~^
/Users/abhay/Workspace/ChickenRoad/Server/node_modules/nan/nan.h:233:5: error: no member named 'ThrowException' in namespace 'v8'
  233 |     _NAN_THROW_ERROR(v8::Exception::RangeError, errmsg);
      |     ^~~~~~~~~~~~~~~~~~~~~~~~~~~~~~~~~~~~~~~~~~~~~~~~~~~
/Users/abhay/Workspace/ChickenRoad/Server/node_modules/nan/nan.h:209:11: note: expanded from macro '_NAN_THROW_ERROR'
  209 |       v8::ThrowException(fun(v8::String::New(errmsg)));                        \
      |       ~~~~^
/Users/abhay/Workspace/ChickenRoad/Server/node_modules/nan/nan.h:233:5: error: no member named 'New' in 'v8::String'
  233 |     _NAN_THROW_ERROR(v8::Exception::RangeError, errmsg);
      |     ^~~~~~~~~~~~~~~~~~~~~~~~~~~~~~~~~~~~~~~~~~~~~~~~~~~
/Users/abhay/Workspace/ChickenRoad/Server/node_modules/nan/nan.h:209:42: note: expanded from macro '_NAN_THROW_ERROR'
  209 |       v8::ThrowException(fun(v8::String::New(errmsg)));                        \
      |                              ~~~~~~~~~~~~^
/Users/abhay/Workspace/ChickenRoad/Server/node_modules/nan/nan.h:244:13: error: no member named 'smalloc' in namespace 'node'
  244 |       node::smalloc::FreeCallback callback,
      |       ~~~~~~^
/Users/abhay/Workspace/ChickenRoad/Server/node_modules/nan/nan.h:251:12: error: no matching function for call to 'New'
  251 |     return node::Buffer::New(data, size);
      |            ^~~~~~~~~~~~~~~~~
/Users/abhay/Library/Caches/node-gyp/22.16.0/include/node/node_buffer.h:49:40: note: candidate function not viable: no known conversion from 'char *' to 'v8::Isolate *' for 1st argument
   49 | NODE_EXTERN v8::MaybeLocal<v8::Object> New(v8::Isolate* isolate, size_t length);
      |                                        ^   ~~~~~~~~~~~~~~~~~~~~
/Users/abhay/Library/Caches/node-gyp/22.16.0/include/node/node_buffer.h:52:40: note: candidate function not viable: no known conversion from 'char *' to 'v8::Isolate *' for 1st argument
   52 | NODE_EXTERN v8::MaybeLocal<v8::Object> New(v8::Isolate* isolate,
      |                                        ^   ~~~~~~~~~~~~~~~~~~~~
/Users/abhay/Library/Caches/node-gyp/22.16.0/include/node/node_buffer.h:64:40: note: candidate function not viable: requires 3 arguments, but 2 were provided
   64 | NODE_EXTERN v8::MaybeLocal<v8::Object> New(v8::Isolate* isolate,
      |                                        ^   ~~~~~~~~~~~~~~~~~~~~~
   65 |                                            char* data,
      |                                            ~~~~~~~~~~~
   66 |                                            size_t len);
      |                                            ~~~~~~~~~~
/Users/abhay/Library/Caches/node-gyp/22.16.0/include/node/node_buffer.h:69:44: note: candidate function not viable: requires 4 arguments, but 2 were provided
   69 | NODE_EXTERN v8::MaybeLocal<v8::Uint8Array> New(v8::Isolate* isolate,
      |                                            ^   ~~~~~~~~~~~~~~~~~~~~~
   70 |                                                v8::Local<v8::ArrayBuffer> ab,
      |                                                ~~~~~~~~~~~~~~~~~~~~~~~~~~~~~~
   71 |                                                size_t byte_offset,
      |                                                ~~~~~~~~~~~~~~~~~~~
   72 |                                                size_t length);
      |                                                ~~~~~~~~~~~~~
/Users/abhay/Library/Caches/node-gyp/22.16.0/include/node/node_buffer.h:57:40: note: candidate function not viable: requires 5 arguments, but 2 were provided
   57 | NODE_EXTERN v8::MaybeLocal<v8::Object> New(v8::Isolate* isolate,
      |                                        ^   ~~~~~~~~~~~~~~~~~~~~~
   58 |                                            char* data,
      |                                            ~~~~~~~~~~~
   59 |                                            size_t length,
      |                                            ~~~~~~~~~~~~~~
   60 |                                            FreeCallback callback,
      |                                            ~~~~~~~~~~~~~~~~~~~~~~
   61 |                                            void* hint);
      |                                            ~~~~~~~~~~
fatal error: too many errors emitted, stopping now [-ferror-limit=]
20 errors generated.
make: *** [Release/obj.target/bufferutil/src/bufferutil.o] Error 1
gyp ERR! build error 
gyp ERR! stack Error: `make` failed with exit code: 2
gyp ERR! stack at ChildProcess.<anonymous> (/opt/homebrew/Cellar/node@22/22.16.0/lib/node_modules/npm/node_modules/node-gyp/lib/build.js:216:23)
gyp ERR! System Darwin 24.6.0
gyp ERR! command "/opt/homebrew/Cellar/node@22/22.16.0/bin/node" "/opt/homebrew/Cellar/node@22/22.16.0/lib/node_modules/npm/node_modules/node-gyp/bin/node-gyp.js" "rebuild"
gyp ERR! cwd /Users/abhay/Workspace/ChickenRoad/Server/node_modules/engine.io-client/node_modules/ws
gyp ERR! node -v v22.16.0
gyp ERR! node-gyp -v v11.0.0
gyp ERR! not ok 
